<?xml version="1.0" encoding="UTF-8"?>
<testng-results ignored="0" total="1" passed="1" failed="0" skipped="0">
  <reporter-output>
  </reporter-output>
  <suite started-at="2024-08-22T12:45:11 IST" name="restassured" finished-at="2024-08-22T12:45:14 IST" duration-ms="2242">
    <groups>
      <group name="cucumber">
        <method signature="AbstractTestNGCucumberTests.runScenario(io.cucumber.testng.PickleWrapper,io.cucumber.testng.FeatureWrapper)[pri:0, instance:company.restfulllog.glue.glue@6ed3ccb2]" name="runScenario" class="io.cucumber.testng.AbstractTestNGCucumberTests"/>
      </group> <!-- cucumber -->
    </groups>
    <test started-at="2024-08-22T12:45:11 IST" name="api" finished-at="2024-08-22T12:45:14 IST" duration-ms="2242">
      <class name="company.restfulllog.glue.glue">
        <test-method is-config="true" signature="setUpClass(org.testng.ITestContext)[pri:0, instance:company.restfulllog.glue.glue@6ed3ccb2]" started-at="2024-08-22T12:45:11 IST" name="setUpClass" finished-at="2024-08-22T12:45:12 IST" duration-ms="499" status="PASS">
          <params>
            <param index="0">
              <value>
                <![CDATA[org.testng.TestRunner@2dfa02c1]]>
              </value>
            </param>
          </params>
          <reporter-output>
          </reporter-output>
        </test-method> <!-- setUpClass -->
        <test-method signature="runScenario(io.cucumber.testng.PickleWrapper,io.cucumber.testng.FeatureWrapper)[pri:0, instance:company.restfulllog.glue.glue@6ed3ccb2]" started-at="2024-08-22T12:45:12 IST" name="runScenario" description="Runs Cucumber Scenarios" data-provider="scenarios" finished-at="2024-08-22T12:45:13 IST" duration-ms="1662" status="PASS">
          <params>
            <param index="0">
              <value>
                <![CDATA["check get functuom"]]>
              </value>
            </param>
            <param index="1">
              <value>
                <![CDATA["verify get feature"]]>
              </value>
            </param>
          </params>
          <reporter-output>
          </reporter-output>
        </test-method> <!-- runScenario -->
        <test-method is-config="true" signature="tearDownClass()[pri:0, instance:company.restfulllog.glue.glue@6ed3ccb2]" started-at="2024-08-22T12:45:13 IST" name="tearDownClass" finished-at="2024-08-22T12:45:14 IST" duration-ms="42" status="PASS">
          <reporter-output>
          </reporter-output>
        </test-method> <!-- tearDownClass -->
      </class> <!-- company.restfulllog.glue.glue -->
    </test> <!-- api -->
  </suite> <!-- restassured -->
</testng-results>
