<?xml version="1.0" encoding="UTF-8"?>
<testng-results ignored="0" total="1" passed="1" failed="0" skipped="0">
  <reporter-output>
  </reporter-output>
  <suite started-at="2024-08-26T12:09:27 IST" name="restassured" finished-at="2024-08-26T12:09:30 IST" duration-ms="2253">
    <groups>
      <group name="cucumber">
        <method signature="AbstractTestNGCucumberTests.runScenario(io.cucumber.testng.PickleWrapper,io.cucumber.testng.FeatureWrapper)[pri:0, instance:company.restfulllog.glue.glue@7f3b84b8]" name="runScenario" class="io.cucumber.testng.AbstractTestNGCucumberTests"/>
      </group> <!-- cucumber -->
    </groups>
    <test started-at="2024-08-26T12:09:27 IST" name="api" finished-at="2024-08-26T12:09:30 IST" duration-ms="2253">
      <class name="company.restfulllog.glue.glue">
        <test-method is-config="true" signature="setUpClass(org.testng.ITestContext)[pri:0, instance:company.restfulllog.glue.glue@7f3b84b8]" started-at="2024-08-26T12:09:27 IST" name="setUpClass" finished-at="2024-08-26T12:09:28 IST" duration-ms="491" status="PASS">
          <params>
            <param index="0">
              <value>
                <![CDATA[org.testng.TestRunner@3e43f049]]>
              </value>
            </param>
          </params>
          <reporter-output>
          </reporter-output>
        </test-method> <!-- setUpClass -->
        <test-method signature="runScenario(io.cucumber.testng.PickleWrapper,io.cucumber.testng.FeatureWrapper)[pri:0, instance:company.restfulllog.glue.glue@7f3b84b8]" started-at="2024-08-26T12:09:28 IST" name="runScenario" description="Runs Cucumber Scenarios" data-provider="scenarios" finished-at="2024-08-26T12:09:30 IST" duration-ms="1672" status="PASS">
          <params>
            <param index="0">
              <value>
                <![CDATA["check get functionalities"]]>
              </value>
            </param>
            <param index="1">
              <value>
                <![CDATA["verify restassured using pojo"]]>
              </value>
            </param>
          </params>
          <reporter-output>
          </reporter-output>
        </test-method> <!-- runScenario -->
        <test-method is-config="true" signature="tearDownClass()[pri:0, instance:company.restfulllog.glue.glue@7f3b84b8]" started-at="2024-08-26T12:09:30 IST" name="tearDownClass" finished-at="2024-08-26T12:09:30 IST" duration-ms="42" status="PASS">
          <reporter-output>
          </reporter-output>
        </test-method> <!-- tearDownClass -->
      </class> <!-- company.restfulllog.glue.glue -->
    </test> <!-- api -->
  </suite> <!-- restassured -->
</testng-results>
