<?xml version="1.0" encoding="UTF-8"?>
<testsuite xmlns:xsi="http://www.w3.org/2001/XMLSchema-instance" xsi:noNamespaceSchemaLocation="https://maven.apache.org/surefire/maven-surefire-plugin/xsd/surefire-test-report.xsd" version="3.0.2" name="TestSuite" time="2.683" tests="1" errors="0" skipped="0" failures="0">
  <properties>
[...]
</properties>
  <testcase name="runScenario[&quot;check get functionalities&quot;, &quot;verify restassured using pojo&quot;](1)" classname="company.restfulllog.glue.glue" time="1.676">
    <system-out><![CDATA[
Scenario Outline: check get functionalities                                &amp#27;[90m# src/test/resources/features/restcheck.feature:43&amp#27;[0m
[INFO ] 2024-08-26 12:09:28.830 [main] rest_Api - the method I_enter_the_baseuri starts here
[INFO ] 2024-08-26 12:09:29.122 [main] rest_Api - the method I_enter_the_baseuri ends here
  &amp#27;[32mGiven &amp#27;[0m&amp#27;[32mI enter the &amp#27;[0m&amp#27;[32m&amp#27;[1mhttp://localhost:8082/sgtest-employee/api/v1/employees&amp#27;[0m &amp#27;[90m# company.restfulllog.step.stepdefinition.I_enter_the_baseuri(java.lang.String)&amp#27;[0m
[INFO ] 2024-08-26 12:09:29.124 [main] rest_Api - execution of I_assing_resquest_specification method starts here 
[INFO ] 2024-08-26 12:09:29.244 [main] rest_Api - execution of I_assing_resquest_specification method ends here 
  &amp#27;[32mAnd &amp#27;[0m&amp#27;[32mI assing resquest specification&amp#27;[0m                                      &amp#27;[90m# company.restfulllog.step.stepdefinition.I_assing_resquest_specification()&amp#27;[0m
[INFO ] 2024-08-26 12:09:29.245 [main] rest_Api - execution of I_enter_header method starts here 
[INFO ] 2024-08-26 12:09:29.295 [main] rest_Api - execution of I_enter_header method ends here 
  &amp#27;[32mAnd &amp#27;[0m&amp#27;[32mI enter header&amp#27;[0m                                                       &amp#27;[90m# company.restfulllog.step.stepdefinition.I_enter_header()&amp#27;[0m
[INFO ] 2024-08-26 12:09:29.295 [main] rest_Api - execution of I_enter_enteries method starts here 
[INFO ] 2024-08-26 12:09:29.406 [main] rest_Api - execution of I_enter_enteries method ends here 
  &amp#27;[32mAnd &amp#27;[0m&amp#27;[32mI enter enteries&amp#27;[0m                                                     &amp#27;[90m# company.restfulllog.step.stepdefinition.I_enter_enteries()&amp#27;[0m
[INFO ] 2024-08-26 12:09:29.409 [main] rest_Api - execution of I_take_response method starts here 
[ERROR] 2024-08-26 12:09:30.005 [main] rest_Api - there is an error in I_take_response method
[INFO ] 2024-08-26 12:09:30.006 [main] rest_Api - execution of I_take_response method ends here 
  &amp#27;[32mAnd &amp#27;[0m&amp#27;[32mI take response&amp#27;[0m                                                      &amp#27;[90m# company.restfulllog.step.stepdefinition.I_take_response()&amp#27;[0m
[INFO ] 2024-08-26 12:09:30.007 [main] rest_Api - execution of I print response method starts here 
[ERROR] 2024-08-26 12:09:30.007 [main] rest_Api - there is an error in I print response method
[INFO ] 2024-08-26 12:09:30.008 [main] rest_Api - execution of I print response method ends here 
  &amp#27;[32mAnd &amp#27;[0m&amp#27;[32mI print response&amp#27;[0m                                                     &amp#27;[90m# company.restfulllog.step.stepdefinition.I_print_response()&amp#27;[0m
[INFO ] 2024-08-26 12:09:30.009 [main] rest_Api - the method I_take_id_from_table starts here
[ERROR] 2024-08-26 12:09:30.009 [main] rest_Api - the method I_take_id_from_table has an error
[INFO ] 2024-08-26 12:09:30.009 [main] rest_Api - the method I_take_id_from_table starts here
  &amp#27;[32mAnd &amp#27;[0m&amp#27;[32mI take id from table&amp#27;[0m                                                 &amp#27;[90m# company.restfulllog.step.stepdefinition.I_take_id_from_table()&amp#27;[0m
[INFO ] 2024-08-26 12:09:30.010 [main] rest_Api - execution of I print response method starts here 
[INFO ] 2024-08-26 12:09:30.011 [main] rest_Api - execution of I print response method ends here 
  &amp#27;[32mAnd &amp#27;[0m&amp#27;[32mI take get geturi&amp#27;[0m                                                    &amp#27;[90m# company.restfulllog.step.stepdefinition.I_take_get_geturi()&amp#27;[0m
[INFO ] 2024-08-26 12:09:30.015 [main] rest_Api - execution of I_assing_resquest_specification method starts here 
[INFO ] 2024-08-26 12:09:30.015 [main] rest_Api - execution of I_assing_resquest_specification method ends here 
  &amp#27;[32mAnd &amp#27;[0m&amp#27;[32mI assing resquest specification&amp#27;[0m                                      &amp#27;[90m# company.restfulllog.step.stepdefinition.I_assing_resquest_specification()&amp#27;[0m
[INFO ] 2024-08-26 12:09:30.016 [main] rest_Api - execution of I_enter_header method starts here 
[INFO ] 2024-08-26 12:09:30.018 [main] rest_Api - execution of I_enter_header method ends here 
  &amp#27;[32mAnd &amp#27;[0m&amp#27;[32mI enter header&amp#27;[0m                                                       &amp#27;[90m# company.restfulllog.step.stepdefinition.I_enter_header()&amp#27;[0m
[INFO ] 2024-08-26 12:09:30.019 [main] rest_Api - execution of I_take_get_response starts here 
[ERROR] 2024-08-26 12:09:30.041 [main] rest_Api - there is an error in I_take_get_response method
[INFO ] 2024-08-26 12:09:30.041 [main] rest_Api - execution of I_take_get_response ends here 
  &amp#27;[32mAnd &amp#27;[0m&amp#27;[32mI take get response&amp#27;[0m                                                  &amp#27;[90m# company.restfulllog.step.stepdefinition.I_take_get_response()&amp#27;[0m
[INFO ] 2024-08-26 12:09:30.042 [main] rest_Api - execution of I print response method starts here 
[ERROR] 2024-08-26 12:09:30.042 [main] rest_Api - there is an error in I print response method
[INFO ] 2024-08-26 12:09:30.042 [main] rest_Api - execution of I print response method ends here 
  &amp#27;[32mAnd &amp#27;[0m&amp#27;[32mI print response&amp#27;[0m                                                     &amp#27;[90m# company.restfulllog.step.stepdefinition.I_print_response()&amp#27;[0m
[INFO ] 2024-08-26 12:09:30.042 [main] rest_Api - execution of I_take_get_response starts here 
[INFO ] 2024-08-26 12:09:30.042 [main] rest_Api - execution of I_take_get_response ends here 
  &amp#27;[32mAnd &amp#27;[0m&amp#27;[32mI take put uri&amp#27;[0m                                                       &amp#27;[90m# company.restfulllog.step.stepdefinition.I_take_put_uri()&amp#27;[0m
[INFO ] 2024-08-26 12:09:30.043 [main] rest_Api - execution of I_assing_resquest_specification method starts here 
[INFO ] 2024-08-26 12:09:30.043 [main] rest_Api - execution of I_assing_resquest_specification method ends here 
  &amp#27;[32mAnd &amp#27;[0m&amp#27;[32mI assing resquest specification&amp#27;[0m                                      &amp#27;[90m# company.restfulllog.step.stepdefinition.I_assing_resquest_specification()&amp#27;[0m
[INFO ] 2024-08-26 12:09:30.044 [main] rest_Api - execution of I_enter_header method starts here 
[INFO ] 2024-08-26 12:09:30.044 [main] rest_Api - execution of I_enter_header method ends here 
  &amp#27;[32mAnd &amp#27;[0m&amp#27;[32mI enter header&amp#27;[0m                                                       &amp#27;[90m# company.restfulllog.step.stepdefinition.I_enter_header()&amp#27;[0m
[INFO ] 2024-08-26 12:09:30.045 [main] rest_Api - execution of I_enter_put_enteries method starts here 
[INFO ] 2024-08-26 12:09:30.046 [main] rest_Api - execution of I_enter_enteries method ends here 
  &amp#27;[32mAnd &amp#27;[0m&amp#27;[32mI enter put enteries&amp#27;[0m                                                 &amp#27;[90m# company.restfulllog.step.stepdefinition.I_enter_put_enteries()&amp#27;[0m
[INFO ] 2024-08-26 12:09:30.048 [main] rest_Api - execution of I_take_response method starts here 
[ERROR] 2024-08-26 12:09:30.061 [main] rest_Api - there is an error in I_take_response method
[INFO ] 2024-08-26 12:09:30.062 [main] rest_Api - execution of I_take_response method ends here 
  &amp#27;[32mAnd &amp#27;[0m&amp#27;[32mI take put response&amp#27;[0m                                                  &amp#27;[90m# company.restfulllog.step.stepdefinition.I_take_put_response()&amp#27;[0m
[INFO ] 2024-08-26 12:09:30.062 [main] rest_Api - execution of I print response method starts here 
[ERROR] 2024-08-26 12:09:30.063 [main] rest_Api - there is an error in I print response method
[INFO ] 2024-08-26 12:09:30.063 [main] rest_Api - execution of I print response method ends here 
  &amp#27;[32mAnd &amp#27;[0m&amp#27;[32mI print response&amp#27;[0m                                                     &amp#27;[90m# company.restfulllog.step.stepdefinition.I_print_response()&amp#27;[0m
[INFO ] 2024-08-26 12:09:30.063 [main] rest_Api - execution of I print response method starts here 
[INFO ] 2024-08-26 12:09:30.064 [main] rest_Api - execution of I print response method ends here 
  &amp#27;[32mAnd &amp#27;[0m&amp#27;[32mI take delete uri&amp#27;[0m                                                    &amp#27;[90m# company.restfulllog.step.stepdefinition.I_take_delete_uri()&amp#27;[0m
[INFO ] 2024-08-26 12:09:30.064 [main] rest_Api - execution of I_assing_resquest_specification method starts here 
[INFO ] 2024-08-26 12:09:30.064 [main] rest_Api - execution of I_assing_resquest_specification method ends here 
  &amp#27;[32mAnd &amp#27;[0m&amp#27;[32mI assing resquest specification&amp#27;[0m                                      &amp#27;[90m# company.restfulllog.step.stepdefinition.I_assing_resquest_specification()&amp#27;[0m
[INFO ] 2024-08-26 12:09:30.065 [main] rest_Api - execution of I_enter_header method starts here 
[INFO ] 2024-08-26 12:09:30.065 [main] rest_Api - execution of I_enter_header method ends here 
  &amp#27;[32mAnd &amp#27;[0m&amp#27;[32mI enter header&amp#27;[0m                                                       &amp#27;[90m# company.restfulllog.step.stepdefinition.I_enter_header()&amp#27;[0m
[INFO ] 2024-08-26 12:09:30.066 [main] rest_Api - execution of I_take_response method starts here 
[ERROR] 2024-08-26 12:09:30.080 [main] rest_Api - there is an error in I_take_response method
[INFO ] 2024-08-26 12:09:30.080 [main] rest_Api - execution of I_take_response method ends here 
  &amp#27;[32mAnd &amp#27;[0m&amp#27;[32mI take delete response&amp#27;[0m                                               &amp#27;[90m# company.restfulllog.step.stepdefinition.I_take_delete_response()&amp#27;[0m
[INFO ] 2024-08-26 12:09:30.081 [main] rest_Api - execution of I print response method starts here 
[ERROR] 2024-08-26 12:09:30.081 [main] rest_Api - there is an error in I print response method
[INFO ] 2024-08-26 12:09:30.081 [main] rest_Api - execution of I print response method ends here 
  &amp#27;[32mAnd &amp#27;[0m&amp#27;[32mI print response&amp#27;[0m                                                     &amp#27;[90m# company.restfulllog.step.stepdefinition.I_print_response()&amp#27;[0m
]]></system-out>
    <system-err><![CDATA[SLF4J: Failed to load class "org.slf4j.impl.StaticLoggerBinder".
SLF4J: Defaulting to no-operation (NOP) logger implementation
SLF4J: See http://www.slf4j.org/codes.html#StaticLoggerBinder for further details.
]]></system-err>
  </testcase>
</testsuite>